   0.000 MODE: WORK
   0.000 MODE: WORK
   0.000 WORK TYPES: WORK
   0.001 WORKERS: 2 RANKS: 0 - 1
   0.001 SERVERS: 1 RANKS: 2 - 2
   0.001 WORK WORKERS: 2 RANKS: 0 - 1
   0.000 MODE: SERVER
   0.086 function:swift:constants
   0.086 enter function: __entry
   0.086 allocated u:wcounter=<1>
   0.087 allocated void: <3>
   0.088 function:swift:constants
   0.088 store: <4>=path ../wordcount/input/data00
   0.088 insert: <1>["0"]=<file 5 is_mapped 1>
   0.089 store: <7>=path ../wordcount/input/data01
   0.089 insert: <1>["1"]=<file 8 is_mapped 1>
   0.089 store: <10>=path ../wordcount/input/data02
   0.089 insert: <1>["2"]=<file 11 is_mapped 1>
   0.089 store: <13>=path ../wordcount/input/data03
   0.090 insert: <1>["3"]=<file 14 is_mapped 1>
   0.090 store: <16>=path ../wordcount/input/data04
   0.090 insert: <1>["4"]=<file 17 is_mapped 1>
   0.090 store: <19>=path ../wordcount/input/data05
   0.090 insert: <1>["5"]=<file 20 is_mapped 1>
   0.091 store: <22>=path ../wordcount/input/data06
   0.092 exec: ./grep1.sh ../wordcount/input/data00 output1/data00.txt {stderr output1/log00.log}
   0.091 insert: <1>["6"]=<file 23 is_mapped 1>
   0.091 store: <25>=path ../wordcount/input/data07
   0.091 insert: <1>["7"]=<file 26 is_mapped 1>
   0.091 store: <28>=path ../wordcount/input/data08
   0.092 insert: <1>["8"]=<file 29 is_mapped 1>
   0.092 store: <31>=path ../wordcount/input/data09
   0.092 insert: <1>["9"]=<file 32 is_mapped 1>
   0.092 store: <34>=path ../wordcount/input/data10
   0.093 shell: ./grep1.sh ../wordcount/input/data00 output1/data00.txt stderr=output1/log00.log
   0.092 insert: <1>["10"]=<file 35 is_mapped 1>
   0.093 store: <37>=path ../wordcount/input/data11
   0.093 insert: <1>["11"]=<file 38 is_mapped 1>
   0.093 store: <40>=path ../wordcount/input/data12
   0.093 insert: <1>["12"]=<file 41 is_mapped 1>
   0.093 store: <43>=path ../wordcount/input/data13
   0.094 insert: <1>["13"]=<file 44 is_mapped 1>
   0.094 store: <46>=path ../wordcount/input/data14
   0.094 insert: <1>["14"]=<file 47 is_mapped 1>
   0.094 store: <49>=path ../wordcount/input/data15
   0.094 insert: <1>["15"]=<file 50 is_mapped 1>
   0.095 store: <52>=path ../wordcount/input/data16
   0.095 insert: <1>["16"]=<file 53 is_mapped 1>
   0.095 store: <55>=path ../wordcount/input/data17
   0.095 insert: <1>["17"]=<file 56 is_mapped 1>
   0.095 store: <58>=path ../wordcount/input/data18
   0.095 insert: <1>["18"]=<file 59 is_mapped 1>
   0.096 store: <61>=path ../wordcount/input/data19
   0.096 insert: <1>["19"]=<file 62 is_mapped 1>
   0.096 store: <64>=path ../wordcount/input/data20
   0.096 insert: <1>["20"]=<file 65 is_mapped 1>
   0.096 store: <67>=path ../wordcount/input/data21
   0.097 insert: <1>["21"]=<file 68 is_mapped 1>
   0.097 store: <70>=path ../wordcount/input/data22
   0.097 insert: <1>["22"]=<file 71 is_mapped 1>
   0.097 store: <73>=path ../wordcount/input/data23
   0.097 insert: <1>["23"]=<file 74 is_mapped 1>
   0.098 store: <76>=path ../wordcount/input/data24
   0.098 insert: <1>["24"]=<file 77 is_mapped 1>
   0.098 store: <79>=path ../wordcount/input/data25
   0.098 insert: <1>["25"]=<file 80 is_mapped 1>
   0.098 store: <82>=path ../wordcount/input/data26
   0.099 insert: <1>["26"]=<file 83 is_mapped 1>
   0.099 store: <85>=path ../wordcount/input/data27
   0.099 insert: <1>["27"]=<file 86 is_mapped 1>
   0.099 store: <88>=path ../wordcount/input/data28
   0.099 insert: <1>["28"]=<file 89 is_mapped 1>
   0.099 store: <91>=path ../wordcount/input/data29
   0.100 insert: <1>["29"]=<file 92 is_mapped 1>
   0.100 store: <94>=path ../wordcount/input/data30
   0.100 insert: <1>["30"]=<file 95 is_mapped 1>
   0.100 store: <97>=path ../wordcount/input/data31
   0.100 insert: <1>["31"]=<file 98 is_mapped 1>
   0.101 store: <100>=path ../wordcount/input/data32
   0.101 insert: <1>["32"]=<file 101 is_mapped 1>
   0.101 store: <103>=path ../wordcount/input/data33
   0.101 insert: <1>["33"]=<file 104 is_mapped 1>
   0.102 exec: ./grep1.sh ../wordcount/input/data01 output1/data01.txt {stderr output1/log01.log}
   0.102 shell: ./grep1.sh ../wordcount/input/data01 output1/data01.txt stderr=output1/log01.log
  19.022 shell command duration: 18.928
  19.026 exec: ./grep1.sh ../wordcount/input/data33 output1/data33.txt {stderr output1/log33.log}
  19.026 shell: ./grep1.sh ../wordcount/input/data33 output1/data33.txt stderr=output1/log33.log
  20.621 shell command duration: 20.519
  20.622 exec: ./grep1.sh ../wordcount/input/data32 output1/data32.txt {stderr output1/log32.log}
  20.623 shell: ./grep1.sh ../wordcount/input/data32 output1/data32.txt stderr=output1/log32.log
  41.761 shell command duration: 21.138
  41.762 exec: ./grep1.sh ../wordcount/input/data31 output1/data31.txt {stderr output1/log31.log}
  41.762 shell: ./grep1.sh ../wordcount/input/data31 output1/data31.txt stderr=output1/log31.log
  42.359 shell command duration: 23.332
  42.363 exec: ./grep1.sh ../wordcount/input/data30 output1/data30.txt {stderr output1/log30.log}
  42.365 shell: ./grep1.sh ../wordcount/input/data30 output1/data30.txt stderr=output1/log30.log
  57.040 shell command duration: 15.279
  57.041 exec: ./grep1.sh ../wordcount/input/data29 output1/data29.txt {stderr output1/log29.log}
  57.041 shell: ./grep1.sh ../wordcount/input/data29 output1/data29.txt stderr=output1/log29.log
  60.656 shell command duration: 18.292
  60.661 exec: ./grep1.sh ../wordcount/input/data28 output1/data28.txt {stderr output1/log28.log}
  60.662 shell: ./grep1.sh ../wordcount/input/data28 output1/data28.txt stderr=output1/log28.log
  81.305 shell command duration: 24.264
  81.305 exec: ./grep1.sh ../wordcount/input/data27 output1/data27.txt {stderr output1/log27.log}
  81.305 shell: ./grep1.sh ../wordcount/input/data27 output1/data27.txt stderr=output1/log27.log
  81.943 shell command duration: 21.281
  81.948 exec: ./grep1.sh ../wordcount/input/data26 output1/data26.txt {stderr output1/log26.log}
  81.949 shell: ./grep1.sh ../wordcount/input/data26 output1/data26.txt stderr=output1/log26.log
  98.316 shell command duration: 16.368
  98.321 exec: ./grep1.sh ../wordcount/input/data25 output1/data25.txt {stderr output1/log25.log}
  98.322 shell: ./grep1.sh ../wordcount/input/data25 output1/data25.txt stderr=output1/log25.log
 100.274 shell command duration: 18.970
 100.279 exec: ./grep1.sh ../wordcount/input/data24 output1/data24.txt {stderr output1/log24.log}
 100.279 shell: ./grep1.sh ../wordcount/input/data24 output1/data24.txt stderr=output1/log24.log
 113.900 shell command duration: 15.579
 113.905 exec: ./grep1.sh ../wordcount/input/data23 output1/data23.txt {stderr output1/log23.log}
 113.906 shell: ./grep1.sh ../wordcount/input/data23 output1/data23.txt stderr=output1/log23.log
 118.663 shell command duration: 18.384
 118.663 exec: ./grep1.sh ../wordcount/input/data22 output1/data22.txt {stderr output1/log22.log}
 118.663 shell: ./grep1.sh ../wordcount/input/data22 output1/data22.txt stderr=output1/log22.log
 130.597 shell command duration: 16.691
 130.602 exec: ./grep1.sh ../wordcount/input/data21 output1/data21.txt {stderr output1/log21.log}
 130.602 shell: ./grep1.sh ../wordcount/input/data21 output1/data21.txt stderr=output1/log21.log
 138.304 shell command duration: 19.641
 138.305 exec: ./grep1.sh ../wordcount/input/data20 output1/data20.txt {stderr output1/log20.log}
 138.305 shell: ./grep1.sh ../wordcount/input/data20 output1/data20.txt stderr=output1/log20.log
 152.474 shell command duration: 21.872
 152.478 exec: ./grep1.sh ../wordcount/input/data19 output1/data19.txt {stderr output1/log19.log}
 152.478 shell: ./grep1.sh ../wordcount/input/data19 output1/data19.txt stderr=output1/log19.log
 164.074 shell command duration: 25.769
 164.079 exec: ./grep1.sh ../wordcount/input/data18 output1/data18.txt {stderr output1/log18.log}
 164.079 shell: ./grep1.sh ../wordcount/input/data18 output1/data18.txt stderr=output1/log18.log
 175.828 shell command duration: 23.349
 175.833 exec: ./grep1.sh ../wordcount/input/data17 output1/data17.txt {stderr output1/log17.log}
 175.834 shell: ./grep1.sh ../wordcount/input/data17 output1/data17.txt stderr=output1/log17.log
 180.094 shell command duration: 16.015
 180.095 exec: ./grep1.sh ../wordcount/input/data16 output1/data16.txt {stderr output1/log16.log}
 180.095 shell: ./grep1.sh ../wordcount/input/data16 output1/data16.txt stderr=output1/log16.log
 191.626 shell command duration: 15.792
 191.630 exec: ./grep1.sh ../wordcount/input/data15 output1/data15.txt {stderr output1/log15.log}
 191.631 shell: ./grep1.sh ../wordcount/input/data15 output1/data15.txt stderr=output1/log15.log
 198.143 shell command duration: 18.048
 198.143 exec: ./grep1.sh ../wordcount/input/data14 output1/data14.txt {stderr output1/log14.log}
 198.143 shell: ./grep1.sh ../wordcount/input/data14 output1/data14.txt stderr=output1/log14.log
 210.534 shell command duration: 18.903
 210.539 exec: ./grep1.sh ../wordcount/input/data13 output1/data13.txt {stderr output1/log13.log}
 210.539 shell: ./grep1.sh ../wordcount/input/data13 output1/data13.txt stderr=output1/log13.log
 218.029 shell command duration: 19.885
 218.035 exec: ./grep1.sh ../wordcount/input/data12 output1/data12.txt {stderr output1/log12.log}
 218.035 shell: ./grep1.sh ../wordcount/input/data12 output1/data12.txt stderr=output1/log12.log
 230.643 shell command duration: 20.105
 230.648 exec: ./grep1.sh ../wordcount/input/data11 output1/data11.txt {stderr output1/log11.log}
 230.648 shell: ./grep1.sh ../wordcount/input/data11 output1/data11.txt stderr=output1/log11.log
 237.049 shell command duration: 19.015
 237.050 exec: ./grep1.sh ../wordcount/input/data10 output1/data10.txt {stderr output1/log10.log}
 237.050 shell: ./grep1.sh ../wordcount/input/data10 output1/data10.txt stderr=output1/log10.log
 246.355 shell command duration: 15.707
 246.359 exec: ./grep1.sh ../wordcount/input/data09 output1/data09.txt {stderr output1/log09.log}
 246.360 shell: ./grep1.sh ../wordcount/input/data09 output1/data09.txt stderr=output1/log09.log
 262.016 shell command duration: 24.966
 262.016 exec: ./grep1.sh ../wordcount/input/data08 output1/data08.txt {stderr output1/log08.log}
 262.016 shell: ./grep1.sh ../wordcount/input/data08 output1/data08.txt stderr=output1/log08.log
 263.886 shell command duration: 17.526
 263.890 exec: ./grep1.sh ../wordcount/input/data07 output1/data07.txt {stderr output1/log07.log}
 263.891 shell: ./grep1.sh ../wordcount/input/data07 output1/data07.txt stderr=output1/log07.log
 284.203 shell command duration: 20.312
 284.208 exec: ./grep1.sh ../wordcount/input/data06 output1/data06.txt {stderr output1/log06.log}
 284.209 shell: ./grep1.sh ../wordcount/input/data06 output1/data06.txt stderr=output1/log06.log
 287.100 shell command duration: 25.083
 287.100 exec: ./grep1.sh ../wordcount/input/data05 output1/data05.txt {stderr output1/log05.log}
 287.100 shell: ./grep1.sh ../wordcount/input/data05 output1/data05.txt stderr=output1/log05.log
 307.745 shell command duration: 23.537
 307.750 exec: ./grep1.sh ../wordcount/input/data04 output1/data04.txt {stderr output1/log04.log}
 307.751 shell: ./grep1.sh ../wordcount/input/data04 output1/data04.txt stderr=output1/log04.log
 311.422 shell command duration: 24.321
 311.422 exec: ./grep1.sh ../wordcount/input/data03 output1/data03.txt {stderr output1/log03.log}
 311.422 shell: ./grep1.sh ../wordcount/input/data03 output1/data03.txt stderr=output1/log03.log
 335.947 shell command duration: 28.196
 335.957 exec: ./grep1.sh ../wordcount/input/data02 output1/data02.txt {stderr output1/log02.log}
 335.957 shell: ./grep1.sh ../wordcount/input/data02 output1/data02.txt stderr=output1/log02.log
 341.399 shell command duration: 29.977
 352.034 shell command duration: 16.077
 352.037 Container <1> deep closed
 352.037 store: <3>=void
 352.038 deeprule_finish: 3
 352.039 exec: ./merg.sh output1/data00.txt output1/data01.txt output1/data02.txt output1/data03.txt output1/data04.txt output1/data05.txt output1/data06.txt output1/data07.txt output1/data08.txt output1/data09.txt output1/data10.txt output1/data11.txt output1/data12.txt output1/data13.txt output1/data14.txt output1/data15.txt output1/data16.txt output1/data17.txt output1/data18.txt output1/data19.txt output1/data20.txt output1/data21.txt output1/data22.txt output1/data23.txt output1/data24.txt output1/data25.txt output1/data26.txt output1/data27.txt output1/data28.txt output1/data29.txt output1/data30.txt output1/data31.txt output1/data32.txt output1/data33.txt {stdout output1/final-output.out}
 352.039 shell: ./merg.sh output1/data00.txt output1/data01.txt output1/data02.txt output1/data03.txt output1/data04.txt output1/data05.txt output1/data06.txt output1/data07.txt output1/data08.txt output1/data09.txt output1/data10.txt output1/data11.txt output1/data12.txt output1/data13.txt output1/data14.txt output1/data15.txt output1/data16.txt output1/data17.txt output1/data18.txt output1/data19.txt output1/data20.txt output1/data21.txt output1/data22.txt output1/data23.txt output1/data24.txt output1/data25.txt output1/data26.txt output1/data27.txt output1/data28.txt output1/data29.txt output1/data30.txt output1/data31.txt output1/data32.txt output1/data33.txt stdout=output1/final-output.out
 414.319 shell command duration: 62.279
 414.420 turbine finalizing
 414.418 turbine finalizing
 414.337 turbine finalizing
